<?xml version="1.0" encoding="UTF-8"?>
<testng-results ignored="0" total="1" passed="1" failed="0" skipped="0">
  <reporter-output>
  </reporter-output>
  <suite started-at="2022-03-04T12:30:19 IST" name="Default suite" finished-at="2022-03-04T12:30:45 IST" duration-ms="25648">
    <groups>
    </groups>
    <test started-at="2022-03-04T12:30:19 IST" name="Default test" finished-at="2022-03-04T12:30:45 IST" duration-ms="25648">
      <class name="com.myframework.testcases.LoginTestSWAG">
        <test-method is-config="true" signature="setupSuite()[pri:0, instance:com.myframework.testcases.LoginTestSWAG@2e005c4b]" started-at="2022-03-04T12:30:18 IST" name="setupSuite" finished-at="2022-03-04T12:30:19 IST" duration-ms="1224" status="PASS">
          <reporter-output>
          </reporter-output>
        </test-method> <!-- setupSuite -->
        <test-method is-config="true" signature="setup()[pri:0, instance:com.myframework.testcases.LoginTestSWAG@2e005c4b]" started-at="2022-03-04T12:30:19 IST" name="setup" finished-at="2022-03-04T12:30:24 IST" duration-ms="5113" status="PASS">
          <reporter-output>
          </reporter-output>
        </test-method> <!-- setup -->
        <test-method signature="loginApp()[pri:0, instance:com.myframework.testcases.LoginTestSWAG@2e005c4b]" started-at="2022-03-04T12:30:24 IST" name="loginApp" finished-at="2022-03-04T12:30:44 IST" duration-ms="19902" status="PASS">
          <reporter-output>
          </reporter-output>
        </test-method> <!-- loginApp -->
        <test-method is-config="true" signature="tearDownMethod(org.testng.ITestResult)[pri:0, instance:com.myframework.testcases.LoginTestSWAG@2e005c4b]" started-at="2022-03-04T12:30:44 IST" name="tearDownMethod" finished-at="2022-03-04T12:30:44 IST" duration-ms="4" status="PASS">
          <params>
            <param index="0">
              <value>
                <![CDATA[[TestResult name=loginApp status=SUCCESS method=LoginTestSWAG.loginApp()[pri:0, instance:com.myframework.testcases.LoginTestSWAG@2e005c4b] output={null}]]]>
              </value>
            </param>
          </params>
          <reporter-output>
          </reporter-output>
        </test-method> <!-- tearDownMethod -->
        <test-method is-config="true" signature="tearDown()[pri:0, instance:com.myframework.testcases.LoginTestSWAG@2e005c4b]" started-at="2022-03-04T12:30:44 IST" name="tearDown" finished-at="2022-03-04T12:30:45 IST" duration-ms="532" status="PASS">
          <reporter-output>
          </reporter-output>
        </test-method> <!-- tearDown -->
      </class> <!-- com.myframework.testcases.LoginTestSWAG -->
    </test> <!-- Default test -->
  </suite> <!-- Default suite -->
</testng-results>
