<?xml version="1.0" encoding="UTF-8"?>
<testng-results ignored="0" total="1" passed="1" failed="0" skipped="0">
  <reporter-output>
  </reporter-output>
  <suite started-at="2022-03-03T15:32:39 IST" name="Suite" finished-at="2022-03-03T15:33:04 IST" duration-ms="25497">
    <groups>
    </groups>
    <test started-at="2022-03-03T15:32:39 IST" name="Test" finished-at="2022-03-03T15:33:04 IST" duration-ms="25497">
      <class name="com.myframework.testcases.LoginTestSWAG">
        <test-method is-config="true" signature="setupSuite()[pri:0, instance:com.myframework.testcases.LoginTestSWAG@2e005c4b]" started-at="2022-03-03T15:32:37 IST" name="setupSuite" finished-at="2022-03-03T15:32:39 IST" duration-ms="1237" status="PASS">
          <reporter-output>
          </reporter-output>
        </test-method> <!-- setupSuite -->
        <test-method is-config="true" signature="setup()[pri:0, instance:com.myframework.testcases.LoginTestSWAG@2e005c4b]" started-at="2022-03-03T15:32:39 IST" name="setup" finished-at="2022-03-03T15:32:44 IST" duration-ms="5137" status="PASS">
          <reporter-output>
          </reporter-output>
        </test-method> <!-- setup -->
        <test-method signature="loginApp()[pri:0, instance:com.myframework.testcases.LoginTestSWAG@2e005c4b]" started-at="2022-03-03T15:32:44 IST" name="loginApp" finished-at="2022-03-03T15:33:04 IST" duration-ms="19807" status="PASS">
          <reporter-output>
          </reporter-output>
        </test-method> <!-- loginApp -->
        <test-method is-config="true" signature="tearDownMethod(org.testng.ITestResult)[pri:0, instance:com.myframework.testcases.LoginTestSWAG@2e005c4b]" started-at="2022-03-03T15:33:04 IST" name="tearDownMethod" finished-at="2022-03-03T15:33:04 IST" duration-ms="3" status="PASS">
          <params>
            <param index="0">
              <value>
                <![CDATA[[TestResult name=loginApp status=SUCCESS method=LoginTestSWAG.loginApp()[pri:0, instance:com.myframework.testcases.LoginTestSWAG@2e005c4b] output={null}]]]>
              </value>
            </param>
          </params>
          <reporter-output>
          </reporter-output>
        </test-method> <!-- tearDownMethod -->
        <test-method is-config="true" signature="tearDown()[pri:0, instance:com.myframework.testcases.LoginTestSWAG@2e005c4b]" started-at="2022-03-03T15:33:04 IST" name="tearDown" finished-at="2022-03-03T15:33:04 IST" duration-ms="453" status="PASS">
          <reporter-output>
          </reporter-output>
        </test-method> <!-- tearDown -->
      </class> <!-- com.myframework.testcases.LoginTestSWAG -->
    </test> <!-- Test -->
  </suite> <!-- Suite -->
</testng-results>
